! Adams View Adams 2018.1 Student Edition (built Oct 12 2018)
! Graphics:  OpenGL
! Enter a command, '?', or 'help'.
model display model=.Bike view=all
! >> model display model=.Bike view=all
! VERIFY MODEL: .Bike
! 
!   -6 Gruebler Count (approximate degrees of freedom)
!    5 Moving Parts (not including ground)
!    3 Cylindrical Joints
!    6 Planar Joints
!    1 Revolute Joints
!    1 Motions
! 
!    8 Degrees of Freedom for .Bike
! 
! There are 14 redundant constraint equations.
! 
!    This constraint:                                          unnecessarily removes this DOF:
! 
!    .Bike.TorqueMotor.joi_rotor_stator  (Revolute Joint)      Rotation Between Zi & Xj
!    .Bike.TorqueMotor.joi_rotor_stator  (Revolute Joint)      Rotation Between Zi & Yj
!    .Bike.Fork2FrameCylinder            (Cylindrical Joint)   Rotation Between Zi & Xj
!    .Bike.Fork2FrameCylinder            (Cylindrical Joint)   Rotation Between Zi & Yj
!    .Bike.Fork2Frame_Bottom             (Planar Joint)        Translation Along Zj
!    .Bike.Fork2Frame_Bottom             (Planar Joint)        Rotation Between Zi & Xj
!    .Bike.Fork2Frame_Bottom             (Planar Joint)        Rotation Between Zi & Yj
!    .Bike.Coincident1                   (Planar Joint)        Rotation Between Zi & Xj
!    .Bike.Coincident1                   (Planar Joint)        Rotation Between Zi & Yj
!    .Bike.FrontWheel2Fork               (Planar Joint)        Rotation Between Zi & Xj
!    .Bike.FrontWheel2Fork               (Planar Joint)        Rotation Between Zi & Yj
!    .Bike.Ground2Right                  (Planar Joint)        Rotation Between Zi & Yj
!    .Bike.Ground2Front                  (Planar Joint)        Rotation Between Zi & Xj
!    .Bike.Ground2Front                  (Planar Joint)        Rotation Between Zi & Yj
! 
! 
! Model verified successfully
! ERROR:  PINPUT/0 is not defined in the data set. Command ignored.
interface dialog undisplay dialog=.gui.new_start_session_panel

!!!!!!!!!!!!!!!!!!!!!!!!!!!!!!!!!!!!!!!!!!!!!!!!!!!!!!!!!!!!!!!!!!!!!!!!!!!!!!!!!!!!!!!!!!
! MODIFY View Rotate
undo begin
default coordinate_system default_coordinate_system=.Bike
view rotate view=.gui.main.front screen=-0.7460800641, 0.4180825227, -0.1459610942
undo end
!!!!!!!!!!!!!!!!!!!!!!!!!!!!!!!!!!!!!!!!!!!!!!!!!!!!!!!!!!!!!!!!!!!!!!!!!!!!!!!!!!!!!!!!!!


!!!!!!!!!!!!!!!!!!!!!!!!!!!!!!!!!!!!!!!!!!!!!!!!!!!!!!!!!!!!!!!!!!!!!!!!!!!!!!!!!!!!!!!!!!
!  SELECT OBJECT
undo begin
group modify group=SELECT_LIST objects=.Bike.Ground_1, .Bike.Fork_2, .Bike.Frontwheel_1
undo end
!!!!!!!!!!!!!!!!!!!!!!!!!!!!!!!!!!!!!!!!!!!!!!!!!!!!!!!!!!!!!!!!!!!!!!!!!!!!!!!!!!!!!!!!!!


!!!!!!!!!!!!!!!!!!!!!!!!!!!!!!!!!!!!!!!!!!!!!!!!!!!!!!!!!!!!!!!!!!!!!!!!!!!!!!!!!!!!!!!!!!
! MODIFY View Zoom
undo begin
view zoom view=.gui.main.front zoom=1.8183306056
undo end
!!!!!!!!!!!!!!!!!!!!!!!!!!!!!!!!!!!!!!!!!!!!!!!!!!!!!!!!!!!!!!!!!!!!!!!!!!!!!!!!!!!!!!!!!!


!!!!!!!!!!!!!!!!!!!!!!!!!!!!!!!!!!!!!!!!!!!!!!!!!!!!!!!!!!!!!!!!!!!!!!!!!!!!!!!!!!!!!!!!!!
! MODIFY View Translate
undo begin
view center view=.gui.main.front object=33.4609134947, 8.8287725191, -16.6625396015
undo end
!!!!!!!!!!!!!!!!!!!!!!!!!!!!!!!!!!!!!!!!!!!!!!!!!!!!!!!!!!!!!!!!!!!!!!!!!!!!!!!!!!!!!!!!!!


!!!!!!!!!!!!!!!!!!!!!!!!!!!!!!!!!!!!!!!!!!!!!!!!!!!!!!!!!!!!!!!!!!!!!!!!!!!!!!!!!!!!!!!!!!
! MODIFY View Zoom
undo begin
view zoom view=.gui.main.front zoom=3.0949263502
undo end
!!!!!!!!!!!!!!!!!!!!!!!!!!!!!!!!!!!!!!!!!!!!!!!!!!!!!!!!!!!!!!!!!!!!!!!!!!!!!!!!!!!!!!!!!!


!!!!!!!!!!!!!!!!!!!!!!!!!!!!!!!!!!!!!!!!!!!!!!!!!!!!!!!!!!!!!!!!!!!!!!!!!!!!!!!!!!!!!!!!!!
! MODIFY View Translate
undo begin
view center view=.gui.main.front object=20.2490773116, 13.7737556323, -20.0848622404
undo end
!!!!!!!!!!!!!!!!!!!!!!!!!!!!!!!!!!!!!!!!!!!!!!!!!!!!!!!!!!!!!!!!!!!!!!!!!!!!!!!!!!!!!!!!!!


!!!!!!!!!!!!!!!!!!!!!!!!!!!!!!!!!!!!!!!!!!!!!!!!!!!!!!!!!!!!!!!!!!!!!!!!!!!!!!!!!!!!!!!!!!
! MODIFY View Rotate
undo begin
view rotate view=.gui.main.front screen=6.31166141E-02, -0.1048270786, -2.173374168E-02
undo end
!!!!!!!!!!!!!!!!!!!!!!!!!!!!!!!!!!!!!!!!!!!!!!!!!!!!!!!!!!!!!!!!!!!!!!!!!!!!!!!!!!!!!!!!!!


!!!!!!!!!!!!!!!!!!!!!!!!!!!!!!!!!!!!!!!!!!!!!!!!!!!!!!!!!!!!!!!!!!!!!!!!!!!!!!!!!!!!!!!!!!
!  SELECT OBJECT
undo begin
group object remove group=SELECT_LIST objects=.Bike.Ground_1
undo end
!!!!!!!!!!!!!!!!!!!!!!!!!!!!!!!!!!!!!!!!!!!!!!!!!!!!!!!!!!!!!!!!!!!!!!!!!!!!!!!!!!!!!!!!!!


!!!!!!!!!!!!!!!!!!!!!!!!!!!!!!!!!!!!!!!!!!!!!!!!!!!!!!!!!!!!!!!!!!!!!!!!!!!!!!!!!!!!!!!!!!
!  SELECT OBJECT
undo begin
undo end
!!!!!!!!!!!!!!!!!!!!!!!!!!!!!!!!!!!!!!!!!!!!!!!!!!!!!!!!!!!!!!!!!!!!!!!!!!!!!!!!!!!!!!!!!!


!!!!!!!!!!!!!!!!!!!!!!!!!!!!!!!!!!!!!!!!!!!!!!!!!!!!!!!!!!!!!!!!!!!!!!!!!!!!!!!!!!!!!!!!!!
!  SELECT OBJECT
undo begin
undo end
!!!!!!!!!!!!!!!!!!!!!!!!!!!!!!!!!!!!!!!!!!!!!!!!!!!!!!!!!!!!!!!!!!!!!!!!!!!!!!!!!!!!!!!!!!

