! Adams View Adams 2018.1 Student Edition (built Oct 12 2018)
! Graphics:  OpenGL
! Enter a command, '?', or 'help'.
model display model=.Bike view=all
! >> model display model=.Bike view=all
! VERIFY MODEL: .Bike
! 
!   -6 Gruebler Count (approximate degrees of freedom)
!    5 Moving Parts (not including ground)
!    3 Cylindrical Joints
!    6 Planar Joints
!    1 Revolute Joints
!    1 Motions
! 
!    8 Degrees of Freedom for .Bike
! 
! There are 14 redundant constraint equations.
! 
!    This constraint:                                          unnecessarily removes this DOF:
! 
!    .Bike.TorqueMotor.joi_rotor_stator  (Revolute Joint)      Rotation Between Zi & Xj
!    .Bike.TorqueMotor.joi_rotor_stator  (Revolute Joint)      Rotation Between Zi & Yj
!    .Bike.Fork2FrameCylinder            (Cylindrical Joint)   Rotation Between Zi & Xj
!    .Bike.Fork2FrameCylinder            (Cylindrical Joint)   Rotation Between Zi & Yj
!    .Bike.Fork2Frame_Bottom             (Planar Joint)        Translation Along Zj
!    .Bike.Fork2Frame_Bottom             (Planar Joint)        Rotation Between Zi & Xj
!    .Bike.Fork2Frame_Bottom             (Planar Joint)        Rotation Between Zi & Yj
!    .Bike.Coincident1                   (Planar Joint)        Rotation Between Zi & Xj
!    .Bike.Coincident1                   (Planar Joint)        Rotation Between Zi & Yj
!    .Bike.FrontWheel2Fork               (Planar Joint)        Rotation Between Zi & Xj
!    .Bike.FrontWheel2Fork               (Planar Joint)        Rotation Between Zi & Yj
!    .Bike.Ground2Right                  (Planar Joint)        Rotation Between Zi & Yj
!    .Bike.Ground2Front                  (Planar Joint)        Rotation Between Zi & Xj
!    .Bike.Ground2Front                  (Planar Joint)        Rotation Between Zi & Yj
! 
! 
! Model verified successfully
! ERROR:  PINPUT/0 is not defined in the data set. Command ignored.
measure_display delete mea_display = .Bike.SteerMotor_Torque_display

!!!!!!!!!!!!!!!!!!!!!!!!!!!!!!!!!!!!!!!!!!!!!!!!!!!!!!!!!!!!!!!!!!!!!!!!!!!!!!!!!!!!!!!!!!
! MODIFY View Rotate
undo begin
default coordinate_system default_coordinate_system=.Bike
view rotate view=.gui.main.front screen=-1.7858128799E-02, 0.1943627394, -1.9317587342E-02
undo end
!!!!!!!!!!!!!!!!!!!!!!!!!!!!!!!!!!!!!!!!!!!!!!!!!!!!!!!!!!!!!!!!!!!!!!!!!!!!!!!!!!!!!!!!!!


!!!!!!!!!!!!!!!!!!!!!!!!!!!!!!!!!!!!!!!!!!!!!!!!!!!!!!!!!!!!!!!!!!!!!!!!!!!!!!!!!!!!!!!!!!
! MODIFY View Translate
undo begin
view center view=.gui.main.front object=31.7615273932, -0.9696514279, -8.3466367768
undo end
!!!!!!!!!!!!!!!!!!!!!!!!!!!!!!!!!!!!!!!!!!!!!!!!!!!!!!!!!!!!!!!!!!!!!!!!!!!!!!!!!!!!!!!!!!


!!!!!!!!!!!!!!!!!!!!!!!!!!!!!!!!!!!!!!!!!!!!!!!!!!!!!!!!!!!!!!!!!!!!!!!!!!!!!!!!!!!!!!!!!!
! MODIFY View Zoom
undo begin
view zoom view=.gui.main.front zoom=2.3801756587
undo end
!!!!!!!!!!!!!!!!!!!!!!!!!!!!!!!!!!!!!!!!!!!!!!!!!!!!!!!!!!!!!!!!!!!!!!!!!!!!!!!!!!!!!!!!!!


!!!!!!!!!!!!!!!!!!!!!!!!!!!!!!!!!!!!!!!!!!!!!!!!!!!!!!!!!!!!!!!!!!!!!!!!!!!!!!!!!!!!!!!!!!
! MODIFY View Translate
undo begin
view center view=.gui.main.front object=19.8282539254, -1.8790370303, -10.7122913077
undo end
!!!!!!!!!!!!!!!!!!!!!!!!!!!!!!!!!!!!!!!!!!!!!!!!!!!!!!!!!!!!!!!!!!!!!!!!!!!!!!!!!!!!!!!!!!


!!!!!!!!!!!!!!!!!!!!!!!!!!!!!!!!!!!!!!!!!!!!!!!!!!!!!!!!!!!!!!!!!!!!!!!!!!!!!!!!!!!!!!!!!!
! MODIFY View Zoom
undo begin
view zoom view=.gui.main.front zoom=2.4554579674
undo end
!!!!!!!!!!!!!!!!!!!!!!!!!!!!!!!!!!!!!!!!!!!!!!!!!!!!!!!!!!!!!!!!!!!!!!!!!!!!!!!!!!!!!!!!!!


!!!!!!!!!!!!!!!!!!!!!!!!!!!!!!!!!!!!!!!!!!!!!!!!!!!!!!!!!!!!!!!!!!!!!!!!!!!!!!!!!!!!!!!!!!
! MODIFY View Rotate
undo begin
view rotate view=.gui.main.front screen=-2.9533269915, 0.365105428, -3.0166410416
undo end
!!!!!!!!!!!!!!!!!!!!!!!!!!!!!!!!!!!!!!!!!!!!!!!!!!!!!!!!!!!!!!!!!!!!!!!!!!!!!!!!!!!!!!!!!!


!!!!!!!!!!!!!!!!!!!!!!!!!!!!!!!!!!!!!!!!!!!!!!!!!!!!!!!!!!!!!!!!!!!!!!!!!!!!!!!!!!!!!!!!!!
! MODIFY View Translate
undo begin
view center view=.gui.main.front object=19.3954504953, 1.4863443053, -11.205937758
undo end
!!!!!!!!!!!!!!!!!!!!!!!!!!!!!!!!!!!!!!!!!!!!!!!!!!!!!!!!!!!!!!!!!!!!!!!!!!!!!!!!!!!!!!!!!!


!!!!!!!!!!!!!!!!!!!!!!!!!!!!!!!!!!!!!!!!!!!!!!!!!!!!!!!!!!!!!!!!!!!!!!!!!!!!!!!!!!!!!!!!!!
! MODIFY View Zoom
undo begin
view zoom view=.gui.main.front zoom=4.8895859473
undo end
!!!!!!!!!!!!!!!!!!!!!!!!!!!!!!!!!!!!!!!!!!!!!!!!!!!!!!!!!!!!!!!!!!!!!!!!!!!!!!!!!!!!!!!!!!


!!!!!!!!!!!!!!!!!!!!!!!!!!!!!!!!!!!!!!!!!!!!!!!!!!!!!!!!!!!!!!!!!!!!!!!!!!!!!!!!!!!!!!!!!!
! MODIFY View Zoom
undo begin
view zoom view=.gui.main.front zoom=0.2077143602
undo end
!!!!!!!!!!!!!!!!!!!!!!!!!!!!!!!!!!!!!!!!!!!!!!!!!!!!!!!!!!!!!!!!!!!!!!!!!!!!!!!!!!!!!!!!!!

